<?xml version="1.0" encoding="UTF-8"?>
<testsuite xmlns:xsi="http://www.w3.org/2001/XMLSchema-instance" xsi:noNamespaceSchemaLocation="https://maven.apache.org/surefire/maven-surefire-plugin/xsd/surefire-test-report-3.0.xsd" version="3.0" name="com.rbtree.RedBlackTreePropertiesTest" time="0.086" tests="5" errors="0" skipped="0" failures="0">
  <properties>
[...]
</properties>
  <testcase name="testProperty4_RedNodeHasBlackChildren" classname="com.rbtree.RedBlackTreePropertiesTest" time="0.009"/>
  <testcase name="testProperty3_LeavesAreBlack" classname="com.rbtree.RedBlackTreePropertiesTest" time="0.001"/>
  <testcase name="testProperty2_RootIsBlack" classname="com.rbtree.RedBlackTreePropertiesTest" time="0"/>
  <testcase name="testProperty1_NodesAreColored" classname="com.rbtree.RedBlackTreePropertiesTest" time="0"/>
  <testcase name="testProperty5_BlackHeightBalance" classname="com.rbtree.RedBlackTreePropertiesTest" time="0.07">
    <system-out><![CDATA[Success! The tree is balanced with a Black Height of: 7
]]></system-out>
  </testcase>
</testsuite>